<?xml version="1.0" encoding="UTF-8"?>
<!-- Generated by org.testng.reporters.JUnitReportReporter -->
<testsuite hostname="DESKTOP-36IJ477" failures="0" tests="2" name="com.inetbanking_V2.testCases.loginPageTest" time="6.475" errors="0" timestamp="2023-06-30T19:24:29 IST" skipped="0">
  <testcase classname="com.inetbanking_V2.testCases.loginPageTest" name="titleTest" time="0.021"/>
  <testcase classname="com.inetbanking_V2.testCases.loginPageTest" name="loginTest" time="6.454"/>
</testsuite> <!-- com.inetbanking_V2.testCases.loginPageTest -->
