<?xml version="1.0" encoding="UTF-8"?>
<!-- Generated by org.testng.reporters.JUnitReportReporter -->
<testsuite hostname="DESKTOP-36IJ477" failures="0" tests="7" name="com.inetbanking_V2.testCases.loginPageTest" time="50.094" errors="0" timestamp="2023-07-02T00:39:34 IST" skipped="0">
  <testcase classname="com.inetbanking_V2.testCases.loginPageTest" name="loginTest" time="9.184"/>
  <testcase classname="com.inetbanking_V2.testCases.loginPageTest" name="titleTest" time="6.123"/>
  <testcase classname="com.inetbanking_V2.testCases.loginPageTest" name="mainLogoTest" time="9.382"/>
  <testcase classname="com.inetbanking_V2.testCases.loginPageTest" name="testIconLogoTest" time="5.674"/>
  <testcase classname="com.inetbanking_V2.testCases.loginPageTest" name="selIconLogoTest" time="7.254"/>
  <testcase classname="com.inetbanking_V2.testCases.loginPageTest" name="javaIconLogoTest" time="7.138"/>
  <testcase classname="com.inetbanking_V2.testCases.loginPageTest" name="liveProjectLogoTest" time="5.339"/>
</testsuite> <!-- com.inetbanking_V2.testCases.loginPageTest -->
